<?xml version="1.0" encoding="UTF-8"?>
<!-- Generated by org.testng.reporters.JUnitReportReporter -->
<testsuite hostname="LPO-DHAVAL" name="com.execui.qa.testcases.LoginPageTest" tests="3" failures="0" timestamp="29 May 2018 14:34:58 GMT" time="25.391" errors="0">
  <testcase name="loginPageTitleTest" time="7.607" classname="com.execui.qa.testcases.LoginPageTest"/>
  <testcase name="loginTest" time="9.138" classname="com.execui.qa.testcases.LoginPageTest"/>
  <testcase name="swggerLogoImageTest" time="8.646" classname="com.execui.qa.testcases.LoginPageTest"/>
</testsuite> <!-- com.execui.qa.testcases.LoginPageTest -->
